{"meta": {"format": 3, "version": "7.10.7", "timestamp": "2025-09-28T00:10:40.823558", "branch_coverage": false, "show_contexts": false}, "files": {"api/__init__.py": {"executed_lines": [5], "summary": {"covered_lines": 1, "num_statements": 1, "percent_covered": 100.0, "percent_covered_display": "100", "missing_lines": 0, "excluded_lines": 0}, "missing_lines": [], "excluded_lines": [], "functions": {"": {"executed_lines": [5], "summary": {"covered_lines": 1, "num_statements": 1, "percent_covered": 100.0, "percent_covered_display": "100", "missing_lines": 0, "excluded_lines": 0}, "missing_lines": [], "excluded_lines": []}}, "classes": {"": {"executed_lines": [5], "summary": {"covered_lines": 1, "num_statements": 1, "percent_covered": 100.0, "percent_covered_display": "100", "missing_lines": 0, "excluded_lines": 0}, "missing_lines": [], "excluded_lines": []}}}, "api/auth/auth.py": {"executed_lines": [1, 2, 3, 4, 5, 6, 7, 8, 9, 10, 11, 12, 14, 15, 16, 19, 20, 21, 22, 25, 26, 27, 31, 35, 40, 42, 43, 44, 47, 49, 52, 54, 58, 69, 96, 133, 149, 156], "summary": {"covered_lines": 38, "num_statements": 86, "percent_covered": 44.18604651162791, "percent_covered_display": "44", "missing_lines": 48, "excluded_lines": 0}, "missing_lines": [32, 36, 59, 60, 61, 63, 64, 65, 66, 72, 78, 79, 80, 81, 82, 83, 84, 85, 87, 88, 90, 91, 93, 99, 100, 103, 106, 108, 109, 115, 116, 122, 128, 130, 137, 139, 140, 146, 152, 153, 157, 160, 163, 166, 173, 174, 179, 181], "excluded_lines": [], "functions": {"verify_password": {"executed_lines": [], "summary": {"covered_lines": 0, "num_statements": 1, "percent_covered": 0.0, "percent_covered_display": "0", "missing_lines": 1, "excluded_lines": 0}, "missing_lines": [32], "excluded_lines": []}, "get_password_hash": {"executed_lines": [], "summary": {"covered_lines": 0, "num_statements": 1, "percent_covered": 0.0, "percent_covered_display": "0", "missing_lines": 1, "excluded_lines": 0}, "missing_lines": [36], "excluded_lines": []}, "generate_api_key": {"executed_lines": [42, 43, 44], "summary": {"covered_lines": 3, "num_statements": 3, "percent_covered": 100.0, "percent_covered_display": "100", "missing_lines": 0, "excluded_lines": 0}, "missing_lines": [], "excluded_lines": []}, "hash_api_key": {"executed_lines": [49], "summary": {"covered_lines": 1, "num_statements": 1, "percent_covered": 100.0, "percent_covered_display": "100", "missing_lines": 0, "excluded_lines": 0}, "missing_lines": [], "excluded_lines": []}, "verify_api_key": {"executed_lines": [54], "summary": {"covered_lines": 1, "num_statements": 1, "percent_covered": 100.0, "percent_covered_display": "100", "missing_lines": 0, "excluded_lines": 0}, "missing_lines": [], "excluded_lines": []}, "create_access_token": {"executed_lines": [], "summary": {"covered_lines": 0, "num_statements": 7, "percent_covered": 0.0, "percent_covered_display": "0", "missing_lines": 7, "excluded_lines": 0}, "missing_lines": [59, 60, 61, 63, 64, 65, 66], "excluded_lines": []}, "get_current_user_from_token": {"executed_lines": [], "summary": {"covered_lines": 0, "num_statements": 14, "percent_covered": 0.0, "percent_covered_display": "0", "missing_lines": 14, "excluded_lines": 0}, "missing_lines": [72, 78, 79, 80, 81, 82, 83, 84, 85, 87, 88, 90, 91, 93], "excluded_lines": []}, "get_current_user_from_api_key": {"executed_lines": [], "summary": {"covered_lines": 0, "num_statements": 11, "percent_covered": 0.0, "percent_covered_display": "0", "missing_lines": 11, "excluded_lines": 0}, "missing_lines": [99, 100, 103, 106, 108, 109, 115, 116, 122, 128, 130], "excluded_lines": []}, "get_current_user": {"executed_lines": [], "summary": {"covered_lines": 0, "num_statements": 4, "percent_covered": 0.0, "percent_covered_display": "0", "missing_lines": 4, "excluded_lines": 0}, "missing_lines": [137, 139, 140, 146], "excluded_lines": []}, "get_current_active_user": {"executed_lines": [], "summary": {"covered_lines": 0, "num_statements": 2, "percent_covered": 0.0, "percent_covered_display": "0", "missing_lines": 2, "excluded_lines": 0}, "missing_lines": [152, 153], "excluded_lines": []}, "get_user_with_permission": {"executed_lines": [], "summary": {"covered_lines": 0, "num_statements": 2, "percent_covered": 0.0, "percent_covered_display": "0", "missing_lines": 2, "excluded_lines": 0}, "missing_lines": [157, 181], "excluded_lines": []}, "get_user_with_permission.authorized_user": {"executed_lines": [], "summary": {"covered_lines": 0, "num_statements": 6, "percent_covered": 0.0, "percent_covered_display": "0", "missing_lines": 6, "excluded_lines": 0}, "missing_lines": [160, 163, 166, 173, 174, 179], "excluded_lines": []}, "": {"executed_lines": [1, 2, 3, 4, 5, 6, 7, 8, 9, 10, 11, 12, 14, 15, 16, 19, 20, 21, 22, 25, 26, 27, 31, 35, 40, 47, 52, 58, 69, 96, 133, 149, 156], "summary": {"covered_lines": 33, "num_statements": 33, "percent_covered": 100.0, "percent_covered_display": "100", "missing_lines": 0, "excluded_lines": 0}, "missing_lines": [], "excluded_lines": []}}, "classes": {"": {"executed_lines": [1, 2, 3, 4, 5, 6, 7, 8, 9, 10, 11, 12, 14, 15, 16, 19, 20, 21, 22, 25, 26, 27, 31, 35, 40, 42, 43, 44, 47, 49, 52, 54, 58, 69, 96, 133, 149, 156], "summary": {"covered_lines": 38, "num_statements": 86, "percent_covered": 44.18604651162791, "percent_covered_display": "44", "missing_lines": 48, "excluded_lines": 0}, "missing_lines": [32, 36, 59, 60, 61, 63, 64, 65, 66, 72, 78, 79, 80, 81, 82, 83, 84, 85, 87, 88, 90, 91, 93, 99, 100, 103, 106, 108, 109, 115, 116, 122, 128, 130, 137, 139, 140, 146, 152, 153, 157, 160, 163, 166, 173, 174, 179, 181], "excluded_lines": []}}}, "api/auth/rate_limit.py": {"executed_lines": [1, 2, 3, 4, 5, 6, 8, 9, 12, 13, 16, 17, 20, 49, 52, 53, 58, 59, 60, 62, 69, 72, 73, 77, 78, 81, 82, 83, 88, 91, 93, 97, 98, 101, 102, 104, 105, 107, 117, 120], "summary": {"covered_lines": 40, "num_statements": 61, "percent_covered": 65.57377049180327, "percent_covered_display": "66", "missing_lines": 21, "excluded_lines": 0}, "missing_lines": [89, 127, 130, 131, 136, 137, 138, 139, 142, 152, 153, 156, 157, 158, 159, 160, 162, 165, 167, 169, 171], "excluded_lines": [], "functions": {"RateLimiter.__init__": {"executed_lines": [58, 59, 60], "summary": {"covered_lines": 3, "num_statements": 3, "percent_covered": 100.0, "percent_covered_display": "100", "missing_lines": 0, "excluded_lines": 0}, "missing_lines": [], "excluded_lines": []}, "RateLimiter.check_rate_limit": {"executed_lines": [69, 72, 73, 77, 78, 81, 82, 83, 88, 91], "summary": {"covered_lines": 10, "num_statements": 11, "percent_covered": 90.9090909090909, "percent_covered_display": "91", "missing_lines": 1, "excluded_lines": 0}, "missing_lines": [89], "excluded_lines": []}, "RateLimiter.get_rate_limit_headers": {"executed_lines": [97, 98, 101, 102, 104, 105, 107], "summary": {"covered_lines": 7, "num_statements": 7, "percent_covered": 100.0, "percent_covered_display": "100", "missing_lines": 0, "excluded_lines": 0}, "missing_lines": [], "excluded_lines": []}, "check_rate_limit": {"executed_lines": [], "summary": {"covered_lines": 0, "num_statements": 20, "percent_covered": 0.0, "percent_covered_display": "0", "missing_lines": 20, "excluded_lines": 0}, "missing_lines": [127, 130, 131, 136, 137, 138, 139, 142, 152, 153, 156, 157, 158, 159, 160, 162, 165, 167, 169, 171], "excluded_lines": []}, "": {"executed_lines": [1, 2, 3, 4, 5, 6, 8, 9, 12, 13, 16, 17, 20, 49, 52, 53, 62, 93, 117, 120], "summary": {"covered_lines": 20, "num_statements": 20, "percent_covered": 100.0, "percent_covered_display": "100", "missing_lines": 0, "excluded_lines": 0}, "missing_lines": [], "excluded_lines": []}}, "classes": {"RateLimiter": {"executed_lines": [58, 59, 60, 69, 72, 73, 77, 78, 81, 82, 83, 88, 91, 97, 98, 101, 102, 104, 105, 107], "summary": {"covered_lines": 20, "num_statements": 21, "percent_covered": 95.23809523809524, "percent_covered_display": "95", "missing_lines": 1, "excluded_lines": 0}, "missing_lines": [89], "excluded_lines": []}, "": {"executed_lines": [1, 2, 3, 4, 5, 6, 8, 9, 12, 13, 16, 17, 20, 49, 52, 53, 62, 93, 117, 120], "summary": {"covered_lines": 20, "num_statements": 40, "percent_covered": 50.0, "percent_covered_display": "50", "missing_lines": 20, "excluded_lines": 0}, "missing_lines": [127, 130, 131, 136, 137, 138, 139, 142, 152, 153, 156, 157, 158, 159, 160, 162, 165, 167, 169, 171], "excluded_lines": []}}}, "api/db/database.py": {"executed_lines": [1, 2, 3, 4, 5, 6, 9, 12, 15, 16, 19, 20, 25, 29, 38], "summary": {"covered_lines": 15, "num_statements": 21, "percent_covered": 71.42857142857143, "percent_covered_display": "71", "missing_lines": 6, "excluded_lines": 0}, "missing_lines": [30, 31, 32, 34, 39, 40], "excluded_lines": [], "functions": {"get_db": {"executed_lines": [], "summary": {"covered_lines": 0, "num_statements": 4, "percent_covered": 0.0, "percent_covered_display": "0", "missing_lines": 4, "excluded_lines": 0}, "missing_lines": [30, 31, 32, 34], "excluded_lines": []}, "get_async_db": {"executed_lines": [], "summary": {"covered_lines": 0, "num_statements": 2, "percent_covered": 0.0, "percent_covered_display": "0", "missing_lines": 2, "excluded_lines": 0}, "missing_lines": [39, 40], "excluded_lines": []}, "": {"executed_lines": [1, 2, 3, 4, 5, 6, 9, 12, 15, 16, 19, 20, 25, 29, 38], "summary": {"covered_lines": 15, "num_statements": 15, "percent_covered": 100.0, "percent_covered_display": "100", "missing_lines": 0, "excluded_lines": 0}, "missing_lines": [], "excluded_lines": []}}, "classes": {"": {"executed_lines": [1, 2, 3, 4, 5, 6, 9, 12, 15, 16, 19, 20, 25, 29, 38], "summary": {"covered_lines": 15, "num_statements": 21, "percent_covered": 71.42857142857143, "percent_covered_display": "71", "missing_lines": 6, "excluded_lines": 0}, "missing_lines": [30, 31, 32, 34, 39, 40], "excluded_lines": []}}}, "api/grpc/__init__.py": {"executed_lines": [0], "summary": {"covered_lines": 0, "num_statements": 0, "percent_covered": 100.0, "percent_covered_display": "100", "missing_lines": 0, "excluded_lines": 0}, "missing_lines": [], "excluded_lines": [], "functions": {"": {"executed_lines": [], "summary": {"covered_lines": 0, "num_statements": 0, "percent_covered": 100.0, "percent_covered_display": "100", "missing_lines": 0, "excluded_lines": 0}, "missing_lines": [], "excluded_lines": []}}, "classes": {"": {"executed_lines": [], "summary": {"covered_lines": 0, "num_statements": 0, "percent_covered": 100.0, "percent_covered_display": "100", "missing_lines": 0, "excluded_lines": 0}, "missing_lines": [], "excluded_lines": []}}}, "api/grpc/generated/__init__.py": {"executed_lines": [0], "summary": {"covered_lines": 0, "num_statements": 0, "percent_covered": 100.0, "percent_covered_display": "100", "missing_lines": 0, "excluded_lines": 0}, "missing_lines": [], "excluded_lines": [], "functions": {"": {"executed_lines": [], "summary": {"covered_lines": 0, "num_statements": 0, "percent_covered": 100.0, "percent_covered_display": "100", "missing_lines": 0, "excluded_lines": 0}, "missing_lines": [], "excluded_lines": []}}, "classes": {"": {"executed_lines": [], "summary": {"covered_lines": 0, "num_statements": 0, "percent_covered": 100.0, "percent_covered_display": "100", "missing_lines": 0, "excluded_lines": 0}, "missing_lines": [], "excluded_lines": []}}}, "api/grpc/generated/notes_pb2.py": {"executed_lines": [6, 7, 8, 9, 10, 11, 12, 22, 27, 29, 30, 31, 32], "summary": {"covered_lines": 12, "num_statements": 29, "percent_covered": 41.37931034482759, "percent_covered_display": "41", "missing_lines": 17, "excluded_lines": 0}, "missing_lines": [33, 34, 35, 36, 37, 38, 39, 40, 41, 42, 43, 44, 45, 46, 47, 48, 49], "excluded_lines": [], "functions": {"": {"executed_lines": [6, 7, 8, 9, 10, 11, 12, 22, 27, 29, 30, 31, 32], "summary": {"covered_lines": 12, "num_statements": 29, "percent_covered": 41.37931034482759, "percent_covered_display": "41", "missing_lines": 17, "excluded_lines": 0}, "missing_lines": [33, 34, 35, 36, 37, 38, 39, 40, 41, 42, 43, 44, 45, 46, 47, 48, 49], "excluded_lines": []}}, "classes": {"": {"executed_lines": [6, 7, 8, 9, 10, 11, 12, 22, 27, 29, 30, 31, 32], "summary": {"covered_lines": 12, "num_statements": 29, "percent_covered": 41.37931034482759, "percent_covered_display": "41", "missing_lines": 17, "excluded_lines": 0}, "missing_lines": [33, 34, 35, 36, 37, 38, 39, 40, 41, 42, 43, 44, 45, 46, 47, 48, 49], "excluded_lines": []}}}, "api/grpc/generated/notes_pb2_grpc.py": {"executed_lines": [2, 3, 4, 6, 8, 9, 10, 12, 13, 14, 18, 28, 29, 31, 54, 55, 57, 64, 71, 79, 104, 105, 107, 108, 134, 135, 161, 162], "summary": {"covered_lines": 24, "num_statements": 46, "percent_covered": 52.17391304347826, "percent_covered_display": "52", "missing_lines": 22, "excluded_lines": 0}, "missing_lines": [15, 16, 19, 37, 42, 47, 60, 61, 62, 67, 68, 69, 74, 75, 76, 80, 97, 99, 100, 118, 145, 172], "excluded_lines": [], "functions": {"NoteServiceStub.__init__": {"executed_lines": [], "summary": {"covered_lines": 0, "num_statements": 3, "percent_covered": 0.0, "percent_covered_display": "0", "missing_lines": 3, "excluded_lines": 0}, "missing_lines": [37, 42, 47], "excluded_lines": []}, "NoteServiceServicer.GetNote": {"executed_lines": [], "summary": {"covered_lines": 0, "num_statements": 3, "percent_covered": 0.0, "percent_covered_display": "0", "missing_lines": 3, "excluded_lines": 0}, "missing_lines": [60, 61, 62], "excluded_lines": []}, "NoteServiceServicer.Search": {"executed_lines": [], "summary": {"covered_lines": 0, "num_statements": 3, "percent_covered": 0.0, "percent_covered_display": "0", "missing_lines": 3, "excluded_lines": 0}, "missing_lines": [67, 68, 69], "excluded_lines": []}, "NoteServiceServicer.Edit": {"executed_lines": [], "summary": {"covered_lines": 0, "num_statements": 3, "percent_covered": 0.0, "percent_covered_display": "0", "missing_lines": 3, "excluded_lines": 0}, "missing_lines": [74, 75, 76], "excluded_lines": []}, "add_NoteServiceServicer_to_server": {"executed_lines": [], "summary": {"covered_lines": 0, "num_statements": 4, "percent_covered": 0.0, "percent_covered_display": "0", "missing_lines": 4, "excluded_lines": 0}, "missing_lines": [80, 97, 99, 100], "excluded_lines": []}, "NoteService.GetNote": {"executed_lines": [], "summary": {"covered_lines": 0, "num_statements": 1, "percent_covered": 0.0, "percent_covered_display": "0", "missing_lines": 1, "excluded_lines": 0}, "missing_lines": [118], "excluded_lines": []}, "NoteService.Search": {"executed_lines": [], "summary": {"covered_lines": 0, "num_statements": 1, "percent_covered": 0.0, "percent_covered_display": "0", "missing_lines": 1, "excluded_lines": 0}, "missing_lines": [145], "excluded_lines": []}, "NoteService.Edit": {"executed_lines": [], "summary": {"covered_lines": 0, "num_statements": 1, "percent_covered": 0.0, "percent_covered_display": "0", "missing_lines": 1, "excluded_lines": 0}, "missing_lines": [172], "excluded_lines": []}, "": {"executed_lines": [2, 3, 4, 6, 8, 9, 10, 12, 13, 14, 18, 28, 29, 31, 54, 55, 57, 64, 71, 79, 104, 105, 107, 108, 134, 135, 161, 162], "summary": {"covered_lines": 24, "num_statements": 27, "percent_covered": 88.88888888888889, "percent_covered_display": "89", "missing_lines": 3, "excluded_lines": 0}, "missing_lines": [15, 16, 19], "excluded_lines": []}}, "classes": {"NoteServiceStub": {"executed_lines": [], "summary": {"covered_lines": 0, "num_statements": 3, "percent_covered": 0.0, "percent_covered_display": "0", "missing_lines": 3, "excluded_lines": 0}, "missing_lines": [37, 42, 47], "excluded_lines": []}, "NoteServiceServicer": {"executed_lines": [], "summary": {"covered_lines": 0, "num_statements": 9, "percent_covered": 0.0, "percent_covered_display": "0", "missing_lines": 9, "excluded_lines": 0}, "missing_lines": [60, 61, 62, 67, 68, 69, 74, 75, 76], "excluded_lines": []}, "NoteService": {"executed_lines": [], "summary": {"covered_lines": 0, "num_statements": 3, "percent_covered": 0.0, "percent_covered_display": "0", "missing_lines": 3, "excluded_lines": 0}, "missing_lines": [118, 145, 172], "excluded_lines": []}, "": {"executed_lines": [2, 3, 4, 6, 8, 9, 10, 12, 13, 14, 18, 28, 29, 31, 54, 55, 57, 64, 71, 79, 104, 105, 107, 108, 134, 135, 161, 162], "summary": {"covered_lines": 24, "num_statements": 31, "percent_covered": 77.41935483870968, "percent_covered_display": "77", "missing_lines": 7, "excluded_lines": 0}, "missing_lines": [15, 16, 19, 80, 97, 99, 100], "excluded_lines": []}}}, "api/grpc/service.py": {"executed_lines": [1, 2, 3, 4, 5, 6, 7, 8, 9, 12, 15, 16, 17, 18, 21, 22, 24, 37, 86, 122, 147, 163, 257], "summary": {"covered_lines": 22, "num_statements": 122, "percent_covered": 18.0327868852459, "percent_covered_display": "18", "missing_lines": 100, "excluded_lines": 0}, "missing_lines": [25, 26, 27, 39, 42, 43, 44, 47, 50, 52, 53, 56, 57, 62, 68, 70, 71, 75, 78, 79, 82, 84, 88, 90, 93, 96, 101, 103, 104, 110, 119, 120, 124, 126, 129, 132, 137, 142, 144, 145, 151, 153, 156, 157, 158, 160, 161, 165, 166, 167, 168, 170, 172, 175, 178, 180, 181, 184, 189, 191, 192, 198, 199, 201, 204, 205, 211, 212, 214, 216, 219, 224, 225, 226, 227, 228, 231, 232, 233, 234, 235, 236, 237, 240, 242, 243, 247, 251, 253, 254, 259, 260, 263, 264, 266, 268, 269, 270, 271, 272], "excluded_lines": [], "functions": {"NoteServiceServicer.__init__": {"executed_lines": [], "summary": {"covered_lines": 0, "num_statements": 3, "percent_covered": 0.0, "percent_covered_display": "0", "missing_lines": 3, "excluded_lines": 0}, "missing_lines": [25, 26, 27], "excluded_lines": []}, "NoteServiceServicer.authenticate": {"executed_lines": [], "summary": {"covered_lines": 0, "num_statements": 19, "percent_covered": 0.0, "percent_covered_display": "0", "missing_lines": 19, "excluded_lines": 0}, "missing_lines": [39, 42, 43, 44, 47, 50, 52, 53, 56, 57, 62, 68, 70, 71, 75, 78, 79, 82, 84], "excluded_lines": []}, "NoteServiceServicer.GetNote": {"executed_lines": [], "summary": {"covered_lines": 0, "num_statements": 10, "percent_covered": 0.0, "percent_covered_display": "0", "missing_lines": 10, "excluded_lines": 0}, "missing_lines": [88, 90, 93, 96, 101, 103, 104, 110, 119, 120], "excluded_lines": []}, "NoteServiceServicer.Search": {"executed_lines": [], "summary": {"covered_lines": 0, "num_statements": 8, "percent_covered": 0.0, "percent_covered_display": "0", "missing_lines": 8, "excluded_lines": 0}, "missing_lines": [124, 126, 129, 132, 137, 142, 144, 145], "excluded_lines": []}, "NoteServiceServicer.apply_patch": {"executed_lines": [], "summary": {"covered_lines": 0, "num_statements": 7, "percent_covered": 0.0, "percent_covered_display": "0", "missing_lines": 7, "excluded_lines": 0}, "missing_lines": [151, 153, 156, 157, 158, 160, 161], "excluded_lines": []}, "NoteServiceServicer.Edit": {"executed_lines": [], "summary": {"covered_lines": 0, "num_statements": 43, "percent_covered": 0.0, "percent_covered_display": "0", "missing_lines": 43, "excluded_lines": 0}, "missing_lines": [165, 166, 167, 168, 170, 172, 175, 178, 180, 181, 184, 189, 191, 192, 198, 199, 201, 204, 205, 211, 212, 214, 216, 219, 224, 225, 226, 227, 228, 231, 232, 233, 234, 235, 236, 237, 240, 242, 243, 247, 251, 253, 254], "excluded_lines": []}, "serve": {"executed_lines": [], "summary": {"covered_lines": 0, "num_statements": 10, "percent_covered": 0.0, "percent_covered_display": "0", "missing_lines": 10, "excluded_lines": 0}, "missing_lines": [259, 260, 263, 264, 266, 268, 269, 270, 271, 272], "excluded_lines": []}, "": {"executed_lines": [1, 2, 3, 4, 5, 6, 7, 8, 9, 12, 15, 16, 17, 18, 21, 22, 24, 37, 86, 122, 147, 163, 257], "summary": {"covered_lines": 22, "num_statements": 22, "percent_covered": 100.0, "percent_covered_display": "100", "missing_lines": 0, "excluded_lines": 0}, "missing_lines": [], "excluded_lines": []}}, "classes": {"NoteServiceServicer": {"executed_lines": [], "summary": {"covered_lines": 0, "num_statements": 90, "percent_covered": 0.0, "percent_covered_display": "0", "missing_lines": 90, "excluded_lines": 0}, "missing_lines": [25, 26, 27, 39, 42, 43, 44, 47, 50, 52, 53, 56, 57, 62, 68, 70, 71, 75, 78, 79, 82, 84, 88, 90, 93, 96, 101, 103, 104, 110, 119, 120, 124, 126, 129, 132, 137, 142, 144, 145, 151, 153, 156, 157, 158, 160, 161, 165, 166, 167, 168, 170, 172, 175, 178, 180, 181, 184, 189, 191, 192, 198, 199, 201, 204, 205, 211, 212, 214, 216, 219, 224, 225, 226, 227, 228, 231, 232, 233, 234, 235, 236, 237, 240, 242, 243, 247, 251, 253, 254], "excluded_lines": []}, "": {"executed_lines": [1, 2, 3, 4, 5, 6, 7, 8, 9, 12, 15, 16, 17, 18, 21, 22, 24, 37, 86, 122, 147, 163, 257], "summary": {"covered_lines": 22, "num_statements": 32, "percent_covered": 68.75, "percent_covered_display": "69", "missing_lines": 10, "excluded_lines": 0}, "missing_lines": [259, 260, 263, 264, 266, 268, 269, 270, 271, 272], "excluded_lines": []}}}, "api/main.py": {"executed_lines": [1, 2, 3, 4, 5, 6, 7, 8, 11, 12, 15, 16, 19, 105, 114, 115, 116, 117, 118, 122, 123, 130, 131, 140, 141, 146, 147, 154, 170, 174, 175, 187], "summary": {"covered_lines": 32, "num_statements": 46, "percent_covered": 69.56521739130434, "percent_covered_display": "70", "missing_lines": 14, "excluded_lines": 0}, "missing_lines": [124, 126, 133, 143, 150, 155, 156, 158, 166, 167, 177, 178, 188, 190], "excluded_lines": [], "functions": {"websocket_endpoint": {"executed_lines": [], "summary": {"covered_lines": 0, "num_statements": 2, "percent_covered": 0.0, "percent_covered_display": "0", "missing_lines": 2, "excluded_lines": 0}, "missing_lines": [124, 126], "excluded_lines": []}, "http_exception_handler": {"executed_lines": [], "summary": {"covered_lines": 0, "num_statements": 1, "percent_covered": 0.0, "percent_covered_display": "0", "missing_lines": 1, "excluded_lines": 0}, "missing_lines": [133], "excluded_lines": []}, "liveness_check": {"executed_lines": [], "summary": {"covered_lines": 0, "num_statements": 1, "percent_covered": 0.0, "percent_covered_display": "0", "missing_lines": 1, "excluded_lines": 0}, "missing_lines": [143], "excluded_lines": []}, "readiness_check": {"executed_lines": [], "summary": {"covered_lines": 0, "num_statements": 1, "percent_covered": 0.0, "percent_covered_display": "0", "missing_lines": 1, "excluded_lines": 0}, "missing_lines": [150], "excluded_lines": []}, "custom_openapi": {"executed_lines": [], "summary": {"covered_lines": 0, "num_statements": 5, "percent_covered": 0.0, "percent_covered_display": "0", "missing_lines": 5, "excluded_lines": 0}, "missing_lines": [155, 156, 158, 166, 167], "excluded_lines": []}, "startup_event": {"executed_lines": [], "summary": {"covered_lines": 0, "num_statements": 2, "percent_covered": 0.0, "percent_covered_display": "0", "missing_lines": 2, "excluded_lines": 0}, "missing_lines": [177, 178], "excluded_lines": []}, "": {"executed_lines": [1, 2, 3, 4, 5, 6, 7, 8, 11, 12, 15, 16, 19, 105, 114, 115, 116, 117, 118, 122, 123, 130, 131, 140, 141, 146, 147, 154, 170, 174, 175, 187], "summary": {"covered_lines": 32, "num_statements": 34, "percent_covered": 94.11764705882354, "percent_covered_display": "94", "missing_lines": 2, "excluded_lines": 0}, "missing_lines": [188, 190], "excluded_lines": []}}, "classes": {"": {"executed_lines": [1, 2, 3, 4, 5, 6, 7, 8, 11, 12, 15, 16, 19, 105, 114, 115, 116, 117, 118, 122, 123, 130, 131, 140, 141, 146, 147, 154, 170, 174, 175, 187], "summary": {"covered_lines": 32, "num_statements": 46, "percent_covered": 69.56521739130434, "percent_covered_display": "70", "missing_lines": 14, "excluded_lines": 0}, "missing_lines": [124, 126, 133, 143, 150, 155, 156, 158, 166, 167, 177, 178, 188, 190], "excluded_lines": []}}}, "api/models/__init__.py": {"executed_lines": [2, 12], "summary": {"covered_lines": 2, "num_statements": 2, "percent_covered": 100.0, "percent_covered_display": "100", "missing_lines": 0, "excluded_lines": 0}, "missing_lines": [], "excluded_lines": [], "functions": {"": {"executed_lines": [2, 12], "summary": {"covered_lines": 2, "num_statements": 2, "percent_covered": 100.0, "percent_covered_display": "100", "missing_lines": 0, "excluded_lines": 0}, "missing_lines": [], "excluded_lines": []}}, "classes": {"": {"executed_lines": [2, 12], "summary": {"covered_lines": 2, "num_statements": 2, "percent_covered": 100.0, "percent_covered_display": "100", "missing_lines": 0, "excluded_lines": 0}, "missing_lines": [], "excluded_lines": []}}}, "api/models/models.py": {"executed_lines": [1, 13, 14, 15, 16, 17, 18, 19, 20, 23, 27, 28, 29, 31, 32, 35, 38, 39, 40, 41, 42, 45, 46, 48, 49, 50, 51, 53, 54, 55, 58, 59, 61, 62, 63, 64, 65, 66, 68, 69, 72, 73, 75, 76, 77, 78, 79, 80, 82, 85, 86, 88, 89, 90, 91, 92, 93, 94, 97, 99, 101, 109, 110, 112, 113, 114, 115, 116, 117, 118, 120, 121, 124, 125, 127, 128, 129, 130, 131, 133, 136, 137, 139, 140, 141, 142], "summary": {"covered_lines": 85, "num_statements": 87, "percent_covered": 97.70114942528735, "percent_covered_display": "98", "missing_lines": 2, "excluded_lines": 0}, "missing_lines": [24, 33], "excluded_lines": [], "functions": {"generate_uuid": {"executed_lines": [], "summary": {"covered_lines": 0, "num_statements": 1, "percent_covered": 0.0, "percent_covered_display": "0", "missing_lines": 1, "excluded_lines": 0}, "missing_lines": [24], "excluded_lines": []}, "JSONBorJSON.load_dialect_impl": {"executed_lines": [32, 35], "summary": {"covered_lines": 2, "num_statements": 3, "percent_covered": 66.66666666666667, "percent_covered_display": "67", "missing_lines": 1, "excluded_lines": 0}, "missing_lines": [33], "excluded_lines": []}, "": {"executed_lines": [1, 13, 14, 15, 16, 17, 18, 19, 20, 23, 27, 28, 29, 31, 38, 39, 40, 41, 42, 45, 46, 48, 49, 50, 51, 53, 54, 55, 58, 59, 61, 62, 63, 64, 65, 66, 68, 69, 72, 73, 75, 76, 77, 78, 79, 80, 82, 85, 86, 88, 89, 90, 91, 92, 93, 94, 97, 99, 101, 109, 110, 112, 113, 114, 115, 116, 117, 118, 120, 121, 124, 125, 127, 128, 129, 130, 131, 133, 136, 137, 139, 140, 141, 142], "summary": {"covered_lines": 83, "num_statements": 83, "percent_covered": 100.0, "percent_covered_display": "100", "missing_lines": 0, "excluded_lines": 0}, "missing_lines": [], "excluded_lines": []}}, "classes": {"JSONBorJSON": {"executed_lines": [32, 35], "summary": {"covered_lines": 2, "num_statements": 3, "percent_covered": 66.66666666666667, "percent_covered_display": "67", "missing_lines": 1, "excluded_lines": 0}, "missing_lines": [33], "excluded_lines": []}, "UserRole": {"executed_lines": [], "summary": {"covered_lines": 0, "num_statements": 0, "percent_covered": 100.0, "percent_covered_display": "100", "missing_lines": 0, "excluded_lines": 0}, "missing_lines": [], "excluded_lines": []}, "Organization": {"executed_lines": [], "summary": {"covered_lines": 0, "num_statements": 0, "percent_covered": 100.0, "percent_covered_display": "100", "missing_lines": 0, "excluded_lines": 0}, "missing_lines": [], "excluded_lines": []}, "User": {"executed_lines": [], "summary": {"covered_lines": 0, "num_statements": 0, "percent_covered": 100.0, "percent_covered_display": "100", "missing_lines": 0, "excluded_lines": 0}, "missing_lines": [], "excluded_lines": []}, "ApiKey": {"executed_lines": [], "summary": {"covered_lines": 0, "num_statements": 0, "percent_covered": 100.0, "percent_covered_display": "100", "missing_lines": 0, "excluded_lines": 0}, "missing_lines": [], "excluded_lines": []}, "Note": {"executed_lines": [], "summary": {"covered_lines": 0, "num_statements": 0, "percent_covered": 100.0, "percent_covered_display": "100", "missing_lines": 0, "excluded_lines": 0}, "missing_lines": [], "excluded_lines": []}, "UsageLog": {"executed_lines": [], "summary": {"covered_lines": 0, "num_statements": 0, "percent_covered": 100.0, "percent_covered_display": "100", "missing_lines": 0, "excluded_lines": 0}, "missing_lines": [], "excluded_lines": []}, "UsageSummary": {"executed_lines": [], "summary": {"covered_lines": 0, "num_statements": 0, "percent_covered": 100.0, "percent_covered_display": "100", "missing_lines": 0, "excluded_lines": 0}, "missing_lines": [], "excluded_lines": []}, "SwaggerAcl": {"executed_lines": [], "summary": {"covered_lines": 0, "num_statements": 0, "percent_covered": 100.0, "percent_covered_display": "100", "missing_lines": 0, "excluded_lines": 0}, "missing_lines": [], "excluded_lines": []}, "": {"executed_lines": [1, 13, 14, 15, 16, 17, 18, 19, 20, 23, 27, 28, 29, 31, 38, 39, 40, 41, 42, 45, 46, 48, 49, 50, 51, 53, 54, 55, 58, 59, 61, 62, 63, 64, 65, 66, 68, 69, 72, 73, 75, 76, 77, 78, 79, 80, 82, 85, 86, 88, 89, 90, 91, 92, 93, 94, 97, 99, 101, 109, 110, 112, 113, 114, 115, 116, 117, 118, 120, 121, 124, 125, 127, 128, 129, 130, 131, 133, 136, 137, 139, 140, 141, 142], "summary": {"covered_lines": 83, "num_statements": 84, "percent_covered": 98.80952380952381, "percent_covered_display": "99", "missing_lines": 1, "excluded_lines": 0}, "missing_lines": [24], "excluded_lines": []}}}, "api/models/schemas.py": {"executed_lines": [1, 2, 3, 4, 7, 8, 9, 10, 11, 14, 15, 19, 20, 23, 24, 27, 28, 29, 30, 32, 33, 37, 38, 39, 42, 43, 44, 45, 48, 49, 50, 51, 52, 54, 55, 59, 60, 62, 69, 76, 77, 79, 80, 81, 82, 83, 88, 89, 91, 92, 93, 94, 98, 99, 103, 104, 106, 113, 120, 121, 123, 126, 127, 129, 136, 143, 144, 146, 147, 150, 151, 153, 154, 155, 157, 159, 161, 162, 165, 166, 168, 171, 172, 174, 178, 179, 181, 182, 186, 187, 189, 195, 200, 201, 203, 204, 211, 212, 213, 214, 215, 218, 219, 221, 227, 228, 230, 233, 236, 241, 249, 250, 252, 255, 258, 261, 262, 264, 265, 268, 269, 270], "summary": {"covered_lines": 106, "num_statements": 107, "percent_covered": 99.06542056074767, "percent_covered_display": "99", "missing_lines": 1, "excluded_lines": 0}, "missing_lines": [158], "excluded_lines": [], "functions": {"Note.validate_title": {"executed_lines": [157, 159], "summary": {"covered_lines": 2, "num_statements": 3, "percent_covered": 66.66666666666667, "percent_covered_display": "67", "missing_lines": 1, "excluded_lines": 0}, "missing_lines": [158], "excluded_lines": []}, "": {"executed_lines": [1, 2, 3, 4, 7, 8, 9, 10, 11, 14, 15, 19, 20, 23, 24, 27, 28, 29, 30, 32, 33, 37, 38, 39, 42, 43, 44, 45, 48, 49, 50, 51, 52, 54, 55, 59, 60, 62, 69, 76, 77, 79, 80, 81, 82, 83, 88, 89, 91, 92, 93, 94, 98, 99, 103, 104, 106, 113, 120, 121, 123, 126, 127, 129, 136, 143, 144, 146, 147, 150, 151, 153, 154, 155, 161, 162, 165, 166, 168, 171, 172, 174, 178, 179, 181, 182, 186, 187, 189, 195, 200, 201, 203, 204, 211, 212, 213, 214, 215, 218, 219, 221, 227, 228, 230, 233, 236, 241, 249, 250, 252, 255, 258, 261, 262, 264, 265, 268, 269, 270], "summary": {"covered_lines": 104, "num_statements": 104, "percent_covered": 100.0, "percent_covered_display": "100", "missing_lines": 0, "excluded_lines": 0}, "missing_lines": [], "excluded_lines": []}}, "classes": {"UserRole": {"executed_lines": [], "summary": {"covered_lines": 0, "num_statements": 0, "percent_covered": 100.0, "percent_covered_display": "100", "missing_lines": 0, "excluded_lines": 0}, "missing_lines": [], "excluded_lines": []}, "ErrorResponse": {"executed_lines": [], "summary": {"covered_lines": 0, "num_statements": 0, "percent_covered": 100.0, "percent_covered_display": "100", "missing_lines": 0, "excluded_lines": 0}, "missing_lines": [], "excluded_lines": []}, "OrganizationBase": {"executed_lines": [], "summary": {"covered_lines": 0, "num_statements": 0, "percent_covered": 100.0, "percent_covered_display": "100", "missing_lines": 0, "excluded_lines": 0}, "missing_lines": [], "excluded_lines": []}, "OrganizationCreate": {"executed_lines": [], "summary": {"covered_lines": 0, "num_statements": 0, "percent_covered": 100.0, "percent_covered_display": "100", "missing_lines": 0, "excluded_lines": 0}, "missing_lines": [], "excluded_lines": []}, "Organization": {"executed_lines": [], "summary": {"covered_lines": 0, "num_statements": 0, "percent_covered": 100.0, "percent_covered_display": "100", "missing_lines": 0, "excluded_lines": 0}, "missing_lines": [], "excluded_lines": []}, "Organization.Config": {"executed_lines": [], "summary": {"covered_lines": 0, "num_statements": 0, "percent_covered": 100.0, "percent_covered_display": "100", "missing_lines": 0, "excluded_lines": 0}, "missing_lines": [], "excluded_lines": []}, "UserBase": {"executed_lines": [], "summary": {"covered_lines": 0, "num_statements": 0, "percent_covered": 100.0, "percent_covered_display": "100", "missing_lines": 0, "excluded_lines": 0}, "missing_lines": [], "excluded_lines": []}, "UserCreate": {"executed_lines": [], "summary": {"covered_lines": 0, "num_statements": 0, "percent_covered": 100.0, "percent_covered_display": "100", "missing_lines": 0, "excluded_lines": 0}, "missing_lines": [], "excluded_lines": []}, "User": {"executed_lines": [], "summary": {"covered_lines": 0, "num_statements": 0, "percent_covered": 100.0, "percent_covered_display": "100", "missing_lines": 0, "excluded_lines": 0}, "missing_lines": [], "excluded_lines": []}, "User.Config": {"executed_lines": [], "summary": {"covered_lines": 0, "num_statements": 0, "percent_covered": 100.0, "percent_covered_display": "100", "missing_lines": 0, "excluded_lines": 0}, "missing_lines": [], "excluded_lines": []}, "ApiKeyCreate": {"executed_lines": [], "summary": {"covered_lines": 0, "num_statements": 0, "percent_covered": 100.0, "percent_covered_display": "100", "missing_lines": 0, "excluded_lines": 0}, "missing_lines": [], "excluded_lines": []}, "ApiKeyResponse": {"executed_lines": [], "summary": {"covered_lines": 0, "num_statements": 0, "percent_covered": 100.0, "percent_covered_display": "100", "missing_lines": 0, "excluded_lines": 0}, "missing_lines": [], "excluded_lines": []}, "ApiKeyInfo": {"executed_lines": [], "summary": {"covered_lines": 0, "num_statements": 0, "percent_covered": 100.0, "percent_covered_display": "100", "missing_lines": 0, "excluded_lines": 0}, "missing_lines": [], "excluded_lines": []}, "ApiKeyInfo.Config": {"executed_lines": [], "summary": {"covered_lines": 0, "num_statements": 0, "percent_covered": 100.0, "percent_covered_display": "100", "missing_lines": 0, "excluded_lines": 0}, "missing_lines": [], "excluded_lines": []}, "NoteBase": {"executed_lines": [], "summary": {"covered_lines": 0, "num_statements": 0, "percent_covered": 100.0, "percent_covered_display": "100", "missing_lines": 0, "excluded_lines": 0}, "missing_lines": [], "excluded_lines": []}, "NoteCreate": {"executed_lines": [], "summary": {"covered_lines": 0, "num_statements": 0, "percent_covered": 100.0, "percent_covered_display": "100", "missing_lines": 0, "excluded_lines": 0}, "missing_lines": [], "excluded_lines": []}, "NotePatch": {"executed_lines": [], "summary": {"covered_lines": 0, "num_statements": 0, "percent_covered": 100.0, "percent_covered_display": "100", "missing_lines": 0, "excluded_lines": 0}, "missing_lines": [], "excluded_lines": []}, "Note": {"executed_lines": [157, 159], "summary": {"covered_lines": 2, "num_statements": 3, "percent_covered": 66.66666666666667, "percent_covered_display": "67", "missing_lines": 1, "excluded_lines": 0}, "missing_lines": [158], "excluded_lines": []}, "Note.Config": {"executed_lines": [], "summary": {"covered_lines": 0, "num_statements": 0, "percent_covered": 100.0, "percent_covered_display": "100", "missing_lines": 0, "excluded_lines": 0}, "missing_lines": [], "excluded_lines": []}, "NoteResponse": {"executed_lines": [], "summary": {"covered_lines": 0, "num_statements": 0, "percent_covered": 100.0, "percent_covered_display": "100", "missing_lines": 0, "excluded_lines": 0}, "missing_lines": [], "excluded_lines": []}, "NoteDeleteResponse": {"executed_lines": [], "summary": {"covered_lines": 0, "num_statements": 0, "percent_covered": 100.0, "percent_covered_display": "100", "missing_lines": 0, "excluded_lines": 0}, "missing_lines": [], "excluded_lines": []}, "WebSocketPatch": {"executed_lines": [], "summary": {"covered_lines": 0, "num_statements": 0, "percent_covered": 100.0, "percent_covered_display": "100", "missing_lines": 0, "excluded_lines": 0}, "missing_lines": [], "excluded_lines": []}, "SearchRequest": {"executed_lines": [], "summary": {"covered_lines": 0, "num_statements": 0, "percent_covered": 100.0, "percent_covered_display": "100", "missing_lines": 0, "excluded_lines": 0}, "missing_lines": [], "excluded_lines": []}, "SearchResult": {"executed_lines": [], "summary": {"covered_lines": 0, "num_statements": 0, "percent_covered": 100.0, "percent_covered_display": "100", "missing_lines": 0, "excluded_lines": 0}, "missing_lines": [], "excluded_lines": []}, "SearchResponse": {"executed_lines": [], "summary": {"covered_lines": 0, "num_statements": 0, "percent_covered": 100.0, "percent_covered_display": "100", "missing_lines": 0, "excluded_lines": 0}, "missing_lines": [], "excluded_lines": []}, "UsageResponse": {"executed_lines": [], "summary": {"covered_lines": 0, "num_statements": 0, "percent_covered": 100.0, "percent_covered_display": "100", "missing_lines": 0, "excluded_lines": 0}, "missing_lines": [], "excluded_lines": []}, "Token": {"executed_lines": [], "summary": {"covered_lines": 0, "num_statements": 0, "percent_covered": 100.0, "percent_covered_display": "100", "missing_lines": 0, "excluded_lines": 0}, "missing_lines": [], "excluded_lines": []}, "TokenData": {"executed_lines": [], "summary": {"covered_lines": 0, "num_statements": 0, "percent_covered": 100.0, "percent_covered_display": "100", "missing_lines": 0, "excluded_lines": 0}, "missing_lines": [], "excluded_lines": []}, "": {"executed_lines": [1, 2, 3, 4, 7, 8, 9, 10, 11, 14, 15, 19, 20, 23, 24, 27, 28, 29, 30, 32, 33, 37, 38, 39, 42, 43, 44, 45, 48, 49, 50, 51, 52, 54, 55, 59, 60, 62, 69, 76, 77, 79, 80, 81, 82, 83, 88, 89, 91, 92, 93, 94, 98, 99, 103, 104, 106, 113, 120, 121, 123, 126, 127, 129, 136, 143, 144, 146, 147, 150, 151, 153, 154, 155, 161, 162, 165, 166, 168, 171, 172, 174, 178, 179, 181, 182, 186, 187, 189, 195, 200, 201, 203, 204, 211, 212, 213, 214, 215, 218, 219, 221, 227, 228, 230, 233, 236, 241, 249, 250, 252, 255, 258, 261, 262, 264, 265, 268, 269, 270], "summary": {"covered_lines": 104, "num_statements": 104, "percent_covered": 100.0, "percent_covered_display": "100", "missing_lines": 0, "excluded_lines": 0}, "missing_lines": [], "excluded_lines": []}}}, "api/routers/__init__.py": {"executed_lines": [2], "summary": {"covered_lines": 1, "num_statements": 1, "percent_covered": 100.0, "percent_covered_display": "100", "missing_lines": 0, "excluded_lines": 0}, "missing_lines": [], "excluded_lines": [], "functions": {"": {"executed_lines": [2], "summary": {"covered_lines": 1, "num_statements": 1, "percent_covered": 100.0, "percent_covered_display": "100", "missing_lines": 0, "excluded_lines": 0}, "missing_lines": [], "excluded_lines": []}}, "classes": {"": {"executed_lines": [2], "summary": {"covered_lines": 1, "num_statements": 1, "percent_covered": 100.0, "percent_covered_display": "100", "missing_lines": 0, "excluded_lines": 0}, "missing_lines": [], "excluded_lines": []}}}, "api/routers/admin.py": {"executed_lines": [1, 2, 3, 4, 5, 7, 8, 9, 10, 12, 23, 95, 184, 185, 210, 211], "summary": {"covered_lines": 16, "num_statements": 43, "percent_covered": 37.2093023255814, "percent_covered_display": "37", "missing_lines": 27, "excluded_lines": 0}, "missing_lines": [144, 147, 148, 150, 151, 154, 163, 166, 167, 168, 169, 170, 172, 181, 192, 195, 196, 199, 220, 223, 226, 228, 229, 235, 236, 237, 239], "excluded_lines": [], "functions": {"get_usage": {"executed_lines": [], "summary": {"covered_lines": 0, "num_statements": 14, "percent_covered": 0.0, "percent_covered_display": "0", "missing_lines": 14, "excluded_lines": 0}, "missing_lines": [144, 147, 148, 150, 151, 154, 163, 166, 167, 168, 169, 170, 172, 181], "excluded_lines": []}, "list_users": {"executed_lines": [], "summary": {"covered_lines": 0, "num_statements": 4, "percent_covered": 0.0, "percent_covered_display": "0", "missing_lines": 4, "excluded_lines": 0}, "missing_lines": [192, 195, 196, 199], "excluded_lines": []}, "update_user_role": {"executed_lines": [], "summary": {"covered_lines": 0, "num_statements": 9, "percent_covered": 0.0, "percent_covered_display": "0", "missing_lines": 9, "excluded_lines": 0}, "missing_lines": [220, 223, 226, 228, 229, 235, 236, 237, 239], "excluded_lines": []}, "": {"executed_lines": [1, 2, 3, 4, 5, 7, 8, 9, 10, 12, 23, 95, 184, 185, 210, 211], "summary": {"covered_lines": 16, "num_statements": 16, "percent_covered": 100.0, "percent_covered_display": "100", "missing_lines": 0, "excluded_lines": 0}, "missing_lines": [], "excluded_lines": []}}, "classes": {"": {"executed_lines": [1, 2, 3, 4, 5, 7, 8, 9, 10, 12, 23, 95, 184, 185, 210, 211], "summary": {"covered_lines": 16, "num_statements": 43, "percent_covered": 37.2093023255814, "percent_covered_display": "37", "missing_lines": 27, "excluded_lines": 0}, "missing_lines": [144, 147, 148, 150, 151, 154, 163, 166, 167, 168, 169, 170, 172, 181, 192, 195, 196, 199, 220, 223, 226, 228, 229, 235, 236, 237, 239], "excluded_lines": []}}}, "api/routers/api_keys.py": {"executed_lines": [1, 2, 3, 4, 5, 7, 8, 9, 10, 14, 16, 26, 88, 149, 218, 253, 296], "summary": {"covered_lines": 17, "num_statements": 36, "percent_covered": 47.22222222222222, "percent_covered_display": "47", "missing_lines": 19, "excluded_lines": 0}, "missing_lines": [122, 125, 128, 135, 136, 137, 140, 244, 247, 248, 250, 325, 328, 331, 333, 334, 340, 341, 343], "excluded_lines": [], "functions": {"create_api_key": {"executed_lines": [], "summary": {"covered_lines": 0, "num_statements": 7, "percent_covered": 0.0, "percent_covered_display": "0", "missing_lines": 7, "excluded_lines": 0}, "missing_lines": [122, 125, 128, 135, 136, 137, 140], "excluded_lines": []}, "list_api_keys": {"executed_lines": [], "summary": {"covered_lines": 0, "num_statements": 4, "percent_covered": 0.0, "percent_covered_display": "0", "missing_lines": 4, "excluded_lines": 0}, "missing_lines": [244, 247, 248, 250], "excluded_lines": []}, "delete_api_key": {"executed_lines": [], "summary": {"covered_lines": 0, "num_statements": 8, "percent_covered": 0.0, "percent_covered_display": "0", "missing_lines": 8, "excluded_lines": 0}, "missing_lines": [325, 328, 331, 333, 334, 340, 341, 343], "excluded_lines": []}, "": {"executed_lines": [1, 2, 3, 4, 5, 7, 8, 9, 10, 14, 16, 26, 88, 149, 218, 253, 296], "summary": {"covered_lines": 17, "num_statements": 17, "percent_covered": 100.0, "percent_covered_display": "100", "missing_lines": 0, "excluded_lines": 0}, "missing_lines": [], "excluded_lines": []}}, "classes": {"": {"executed_lines": [1, 2, 3, 4, 5, 7, 8, 9, 10, 14, 16, 26, 88, 149, 218, 253, 296], "summary": {"covered_lines": 17, "num_statements": 36, "percent_covered": 47.22222222222222, "percent_covered_display": "47", "missing_lines": 19, "excluded_lines": 0}, "missing_lines": [122, 125, 128, 135, 136, 137, 140, 244, 247, 248, 250, 325, 328, 331, 333, 334, 340, 341, 343], "excluded_lines": []}}}, "api/routers/auth.py": {"executed_lines": [1, 2, 4, 15, 73, 104, 144, 157, 197, 208, 255], "summary": {"covered_lines": 11, "num_statements": 15, "percent_covered": 73.33333333333333, "percent_covered_display": "73", "missing_lines": 4, "excluded_lines": 0}, "missing_lines": [97, 148, 201, 259], "excluded_lines": [], "functions": {"login_for_access_token": {"executed_lines": [], "summary": {"covered_lines": 0, "num_statements": 1, "percent_covered": 0.0, "percent_covered_display": "0", "missing_lines": 1, "excluded_lines": 0}, "missing_lines": [97], "excluded_lines": []}, "device_code": {"executed_lines": [], "summary": {"covered_lines": 0, "num_statements": 1, "percent_covered": 0.0, "percent_covered_display": "0", "missing_lines": 1, "excluded_lines": 0}, "missing_lines": [148], "excluded_lines": []}, "device_token": {"executed_lines": [], "summary": {"covered_lines": 0, "num_statements": 1, "percent_covered": 0.0, "percent_covered_display": "0", "missing_lines": 1, "excluded_lines": 0}, "missing_lines": [201], "excluded_lines": []}, "get_current_user_info": {"executed_lines": [], "summary": {"covered_lines": 0, "num_statements": 1, "percent_covered": 0.0, "percent_covered_display": "0", "missing_lines": 1, "excluded_lines": 0}, "missing_lines": [259], "excluded_lines": []}, "": {"executed_lines": [1, 2, 4, 15, 73, 104, 144, 157, 197, 208, 255], "summary": {"covered_lines": 11, "num_statements": 11, "percent_covered": 100.0, "percent_covered_display": "100", "missing_lines": 0, "excluded_lines": 0}, "missing_lines": [], "excluded_lines": []}}, "classes": {"": {"executed_lines": [1, 2, 4, 15, 73, 104, 144, 157, 197, 208, 255], "summary": {"covered_lines": 11, "num_statements": 15, "percent_covered": 73.33333333333333, "percent_covered_display": "73", "missing_lines": 4, "excluded_lines": 0}, "missing_lines": [97, 148, 201, 259], "excluded_lines": []}}}, "api/routers/notes.py": {"executed_lines": [1, 11, 12, 13, 15, 16, 17, 23, 24, 26, 36, 78, 119, 176, 231, 276, 352, 388, 446, 515], "summary": {"covered_lines": 20, "num_statements": 74, "percent_covered": 27.027027027027028, "percent_covered_display": "27", "missing_lines": 54, "excluded_lines": 0}, "missing_lines": [102, 105, 109, 110, 111, 114, 116, 198, 202, 205, 212, 214, 215, 221, 224, 225, 226, 228, 308, 311, 318, 320, 321, 327, 329, 330, 331, 333, 334, 335, 337, 339, 342, 343, 344, 347, 349, 412, 415, 422, 424, 425, 431, 432, 433, 436, 437, 438, 440, 443, 551, 554, 562, 564], "excluded_lines": [], "functions": {"create_note": {"executed_lines": [], "summary": {"covered_lines": 0, "num_statements": 7, "percent_covered": 0.0, "percent_covered_display": "0", "missing_lines": 7, "excluded_lines": 0}, "missing_lines": [102, 105, 109, 110, 111, 114, 116], "excluded_lines": []}, "get_note": {"executed_lines": [], "summary": {"covered_lines": 0, "num_statements": 11, "percent_covered": 0.0, "percent_covered_display": "0", "missing_lines": 11, "excluded_lines": 0}, "missing_lines": [198, 202, 205, 212, 214, 215, 221, 224, 225, 226, 228], "excluded_lines": []}, "update_note": {"executed_lines": [], "summary": {"covered_lines": 0, "num_statements": 19, "percent_covered": 0.0, "percent_covered_display": "0", "missing_lines": 19, "excluded_lines": 0}, "missing_lines": [308, 311, 318, 320, 321, 327, 329, 330, 331, 333, 334, 335, 337, 339, 342, 343, 344, 347, 349], "excluded_lines": []}, "delete_note": {"executed_lines": [], "summary": {"covered_lines": 0, "num_statements": 13, "percent_covered": 0.0, "percent_covered_display": "0", "missing_lines": 13, "excluded_lines": 0}, "missing_lines": [412, 415, 422, 424, 425, 431, 432, 433, 436, 437, 438, 440, 443], "excluded_lines": []}, "list_notes": {"executed_lines": [], "summary": {"covered_lines": 0, "num_statements": 4, "percent_covered": 0.0, "percent_covered_display": "0", "missing_lines": 4, "excluded_lines": 0}, "missing_lines": [551, 554, 562, 564], "excluded_lines": []}, "": {"executed_lines": [1, 11, 12, 13, 15, 16, 17, 23, 24, 26, 36, 78, 119, 176, 231, 276, 352, 388, 446, 515], "summary": {"covered_lines": 20, "num_statements": 20, "percent_covered": 100.0, "percent_covered_display": "100", "missing_lines": 0, "excluded_lines": 0}, "missing_lines": [], "excluded_lines": []}}, "classes": {"": {"executed_lines": [1, 11, 12, 13, 15, 16, 17, 23, 24, 26, 36, 78, 119, 176, 231, 276, 352, 388, 446, 515], "summary": {"covered_lines": 20, "num_statements": 74, "percent_covered": 27.027027027027028, "percent_covered_display": "27", "missing_lines": 54, "excluded_lines": 0}, "missing_lines": [102, 105, 109, 110, 111, 114, 116, 198, 202, 205, 212, 214, 215, 221, 224, 225, 226, 228, 308, 311, 318, 320, 321, 327, 329, 330, 331, 333, 334, 335, 337, 339, 342, 343, 344, 347, 349, 412, 415, 422, 424, 425, 431, 432, 433, 436, 437, 438, 440, 443, 551, 554, 562, 564], "excluded_lines": []}}}, "api/routers/search.py": {"executed_lines": [1, 2, 3, 4, 6, 7, 8, 9, 10, 12, 21, 92, 168, 184], "summary": {"covered_lines": 14, "num_statements": 29, "percent_covered": 48.275862068965516, "percent_covered_display": "48", "missing_lines": 15, "excluded_lines": 0}, "missing_lines": [132, 135, 140, 141, 143, 146, 148, 150, 152, 153, 155, 165, 211, 214, 216], "excluded_lines": [], "functions": {"search": {"executed_lines": [], "summary": {"covered_lines": 0, "num_statements": 12, "percent_covered": 0.0, "percent_covered_display": "0", "missing_lines": 12, "excluded_lines": 0}, "missing_lines": [132, 135, 140, 141, 143, 146, 148, 150, 152, 153, 155, 165], "excluded_lines": []}, "rebuild_index": {"executed_lines": [], "summary": {"covered_lines": 0, "num_statements": 3, "percent_covered": 0.0, "percent_covered_display": "0", "missing_lines": 3, "excluded_lines": 0}, "missing_lines": [211, 214, 216], "excluded_lines": []}, "": {"executed_lines": [1, 2, 3, 4, 6, 7, 8, 9, 10, 12, 21, 92, 168, 184], "summary": {"covered_lines": 14, "num_statements": 14, "percent_covered": 100.0, "percent_covered_display": "100", "missing_lines": 0, "excluded_lines": 0}, "missing_lines": [], "excluded_lines": []}}, "classes": {"": {"executed_lines": [1, 2, 3, 4, 6, 7, 8, 9, 10, 12, 21, 92, 168, 184], "summary": {"covered_lines": 14, "num_statements": 29, "percent_covered": 48.275862068965516, "percent_covered_display": "48", "missing_lines": 15, "excluded_lines": 0}, "missing_lines": [132, 135, 140, 141, 143, 146, 148, 150, 152, 153, 155, 165, 211, 214, 216], "excluded_lines": []}}}, "api/search/vector_search.py": {"executed_lines": [1, 2, 3, 4, 5, 6, 7, 8, 9, 10, 12, 15, 16, 19, 20, 23, 24, 26, 34, 35, 37, 39, 40, 53, 54, 56, 57, 59, 60, 61, 62, 63, 64, 65, 68, 69, 71, 74, 76, 78, 80, 82, 83, 84, 85, 86, 87, 88, 89, 90, 93, 94, 95, 96, 101, 102, 103, 104, 105, 109, 111, 112, 113, 114, 123, 129, 131, 132, 134, 135, 138, 140, 141, 143, 144, 145, 148, 150, 152, 153, 154, 155, 156, 159, 161, 163, 165, 168, 171, 172, 173, 176, 179, 180, 181, 183, 187, 188, 192, 194, 196, 201, 202, 203, 204, 205, 207, 210, 212, 215, 216, 217, 219, 220, 223, 226, 228, 230, 231, 232, 237, 238, 241, 243, 244, 245, 246, 249, 253, 254, 256, 257, 258, 259, 261, 262, 263, 264, 269, 272, 274, 275, 276, 277, 280, 284, 285, 286, 287, 289, 290, 291, 294, 295, 297, 298, 302, 303, 304, 305, 306, 309, 312, 313, 316, 317, 320, 322, 323, 326, 331, 334, 337, 339, 342], "summary": {"covered_lines": 174, "num_statements": 211, "percent_covered": 82.46445497630332, "percent_covered_display": "82", "missing_lines": 37, "excluded_lines": 0}, "missing_lines": [27, 28, 31, 41, 42, 45, 47, 48, 49, 50, 106, 107, 126, 127, 189, 233, 265, 266, 267, 345, 348, 351, 354, 355, 356, 357, 360, 361, 362, 364, 365, 368, 369, 370, 371, 374, 376], "excluded_lines": [], "functions": {"NoteVectorIndex.__init__": {"executed_lines": [57, 59, 60, 61, 62, 63, 64, 65, 68, 69, 71, 74], "summary": {"covered_lines": 12, "num_statements": 12, "percent_covered": 100.0, "percent_covered_display": "100", "missing_lines": 0, "excluded_lines": 0}, "missing_lines": [], "excluded_lines": []}, "NoteVectorIndex._get_index_path": {"executed_lines": [78], "summary": {"covered_lines": 1, "num_statements": 1, "percent_covered": 100.0, "percent_covered_display": "100", "missing_lines": 0, "excluded_lines": 0}, "missing_lines": [], "excluded_lines": []}, "NoteVectorIndex._load_index": {"executed_lines": [82, 83, 84, 85, 86, 87, 88, 89, 90, 93, 94, 95, 96, 101, 102, 103, 104, 105], "summary": {"covered_lines": 18, "num_statements": 20, "percent_covered": 90.0, "percent_covered_display": "90", "missing_lines": 2, "excluded_lines": 0}, "missing_lines": [106, 107], "excluded_lines": []}, "NoteVectorIndex._save_index": {"executed_lines": [111, 112, 113, 114, 123], "summary": {"covered_lines": 5, "num_statements": 7, "percent_covered": 71.42857142857143, "percent_covered_display": "71", "missing_lines": 2, "excluded_lines": 0}, "missing_lines": [126, 127], "excluded_lines": []}, "NoteVectorIndex.add_note": {"executed_lines": [131, 132, 134, 135, 138, 140, 141, 143, 144, 145, 148], "summary": {"covered_lines": 11, "num_statements": 11, "percent_covered": 100.0, "percent_covered_display": "100", "missing_lines": 0, "excluded_lines": 0}, "missing_lines": [], "excluded_lines": []}, "NoteVectorIndex.remove_note": {"executed_lines": [152, 153, 154, 155, 156, 159], "summary": {"covered_lines": 6, "num_statements": 6, "percent_covered": 100.0, "percent_covered_display": "100", "missing_lines": 0, "excluded_lines": 0}, "missing_lines": [], "excluded_lines": []}, "NoteVectorIndex._remove_at_index": {"executed_lines": [163, 165, 168, 171, 172, 173, 176, 179, 180, 181], "summary": {"covered_lines": 10, "num_statements": 10, "percent_covered": 100.0, "percent_covered_display": "100", "missing_lines": 0, "excluded_lines": 0}, "missing_lines": [], "excluded_lines": []}, "NoteVectorIndex.search": {"executed_lines": [187, 188, 192, 194, 196, 201, 202, 203, 204, 205, 207, 210, 212, 215, 216, 217, 219, 220, 223, 226], "summary": {"covered_lines": 20, "num_statements": 21, "percent_covered": 95.23809523809524, "percent_covered_display": "95", "missing_lines": 1, "excluded_lines": 0}, "missing_lines": [189], "excluded_lines": []}, "NoteVectorIndex._normalize_embedding": {"executed_lines": [230, 231, 232], "summary": {"covered_lines": 3, "num_statements": 4, "percent_covered": 75.0, "percent_covered_display": "75", "missing_lines": 1, "excluded_lines": 0}, "missing_lines": [233], "excluded_lines": []}, "get_index_for_org": {"executed_lines": [243, 244, 245, 246], "summary": {"covered_lines": 4, "num_statements": 4, "percent_covered": 100.0, "percent_covered_display": "100", "missing_lines": 0, "excluded_lines": 0}, "missing_lines": [], "excluded_lines": []}, "_get_embedding_model": {"executed_lines": [253, 254, 256, 257, 258, 259, 261, 262, 263, 264, 269], "summary": {"covered_lines": 11, "num_statements": 14, "percent_covered": 78.57142857142857, "percent_covered_display": "79", "missing_lines": 3, "excluded_lines": 0}, "missing_lines": [265, 266, 267], "excluded_lines": []}, "_get_embedding_dimension": {"executed_lines": [274, 275, 276, 277], "summary": {"covered_lines": 4, "num_statements": 4, "percent_covered": 100.0, "percent_covered_display": "100", "missing_lines": 0, "excluded_lines": 0}, "missing_lines": [], "excluded_lines": []}, "text_to_embedding": {"executed_lines": [284, 285, 286, 287, 289, 290, 291, 294, 295, 297, 298, 302, 303, 304, 305, 306], "summary": {"covered_lines": 16, "num_statements": 16, "percent_covered": 100.0, "percent_covered_display": "100", "missing_lines": 0, "excluded_lines": 0}, "missing_lines": [], "excluded_lines": []}, "index_note": {"executed_lines": [312, 313, 316, 317], "summary": {"covered_lines": 4, "num_statements": 4, "percent_covered": 100.0, "percent_covered_display": "100", "missing_lines": 0, "excluded_lines": 0}, "missing_lines": [], "excluded_lines": []}, "remove_note_from_index": {"executed_lines": [322, 323], "summary": {"covered_lines": 2, "num_statements": 2, "percent_covered": 100.0, "percent_covered_display": "100", "missing_lines": 0, "excluded_lines": 0}, "missing_lines": [], "excluded_lines": []}, "search_notes": {"executed_lines": [331, 334, 337, 339], "summary": {"covered_lines": 4, "num_statements": 4, "percent_covered": 100.0, "percent_covered_display": "100", "missing_lines": 0, "excluded_lines": 0}, "missing_lines": [], "excluded_lines": []}, "rebuild_index_for_org": {"executed_lines": [], "summary": {"covered_lines": 0, "num_statements": 18, "percent_covered": 0.0, "percent_covered_display": "0", "missing_lines": 18, "excluded_lines": 0}, "missing_lines": [345, 348, 351, 354, 355, 356, 357, 360, 361, 362, 364, 365, 368, 369, 370, 371, 374, 376], "excluded_lines": []}, "": {"executed_lines": [1, 2, 3, 4, 5, 6, 7, 8, 9, 10, 12, 15, 16, 19, 20, 23, 24, 26, 34, 35, 37, 39, 40, 53, 54, 56, 76, 80, 109, 129, 150, 161, 183, 228, 237, 238, 241, 249, 272, 280, 309, 320, 326, 342], "summary": {"covered_lines": 43, "num_statements": 53, "percent_covered": 81.13207547169812, "percent_covered_display": "81", "missing_lines": 10, "excluded_lines": 0}, "missing_lines": [27, 28, 31, 41, 42, 45, 47, 48, 49, 50], "excluded_lines": []}}, "classes": {"NoteVectorIndex": {"executed_lines": [57, 59, 60, 61, 62, 63, 64, 65, 68, 69, 71, 74, 78, 82, 83, 84, 85, 86, 87, 88, 89, 90, 93, 94, 95, 96, 101, 102, 103, 104, 105, 111, 112, 113, 114, 123, 131, 132, 134, 135, 138, 140, 141, 143, 144, 145, 148, 152, 153, 154, 155, 156, 159, 163, 165, 168, 171, 172, 173, 176, 179, 180, 181, 187, 188, 192, 194, 196, 201, 202, 203, 204, 205, 207, 210, 212, 215, 216, 217, 219, 220, 223, 226, 230, 231, 232], "summary": {"covered_lines": 86, "num_statements": 92, "percent_covered": 93.47826086956522, "percent_covered_display": "93", "missing_lines": 6, "excluded_lines": 0}, "missing_lines": [106, 107, 126, 127, 189, 233], "excluded_lines": []}, "": {"executed_lines": [1, 2, 3, 4, 5, 6, 7, 8, 9, 10, 12, 15, 16, 19, 20, 23, 24, 26, 34, 35, 37, 39, 40, 53, 54, 56, 76, 80, 109, 129, 150, 161, 183, 228, 237, 238, 241, 243, 244, 245, 246, 249, 253, 254, 256, 257, 258, 259, 261, 262, 263, 264, 269, 272, 274, 275, 276, 277, 280, 284, 285, 286, 287, 289, 290, 291, 294, 295, 297, 298, 302, 303, 304, 305, 306, 309, 312, 313, 316, 317, 320, 322, 323, 326, 331, 334, 337, 339, 342], "summary": {"covered_lines": 88, "num_statements": 119, "percent_covered": 73.94957983193277, "percent_covered_display": "74", "missing_lines": 31, "excluded_lines": 0}, "missing_lines": [27, 28, 31, 41, 42, 45, 47, 48, 49, 50, 265, 266, 267, 345, 348, 351, 354, 355, 356, 357, 360, 361, 362, 364, 365, 368, 369, 370, 371, 374, 376], "excluded_lines": []}}}, "api/utils/__init__.py": {"executed_lines": [1], "summary": {"covered_lines": 0, "num_statements": 0, "percent_covered": 100.0, "percent_covered_display": "100", "missing_lines": 0, "excluded_lines": 0}, "missing_lines": [], "excluded_lines": [], "functions": {"": {"executed_lines": [1], "summary": {"covered_lines": 0, "num_statements": 0, "percent_covered": 100.0, "percent_covered_display": "100", "missing_lines": 0, "excluded_lines": 0}, "missing_lines": [], "excluded_lines": []}}, "classes": {"": {"executed_lines": [1], "summary": {"covered_lines": 0, "num_statements": 0, "percent_covered": 100.0, "percent_covered_display": "100", "missing_lines": 0, "excluded_lines": 0}, "missing_lines": [], "excluded_lines": []}}}, "api/utils/organization.py": {"executed_lines": [1, 5, 6, 7, 10], "summary": {"covered_lines": 4, "num_statements": 17, "percent_covered": 23.529411764705884, "percent_covered_display": "24", "missing_lines": 13, "excluded_lines": 0}, "missing_lines": [22, 24, 25, 27, 28, 31, 32, 33, 34, 36, 38, 40, 41], "excluded_lines": [], "functions": {"get_or_create_default_organization": {"executed_lines": [], "summary": {"covered_lines": 0, "num_statements": 13, "percent_covered": 0.0, "percent_covered_display": "0", "missing_lines": 13, "excluded_lines": 0}, "missing_lines": [22, 24, 25, 27, 28, 31, 32, 33, 34, 36, 38, 40, 41], "excluded_lines": []}, "": {"executed_lines": [1, 5, 6, 7, 10], "summary": {"covered_lines": 4, "num_statements": 4, "percent_covered": 100.0, "percent_covered_display": "100", "missing_lines": 0, "excluded_lines": 0}, "missing_lines": [], "excluded_lines": []}}, "classes": {"": {"executed_lines": [1, 5, 6, 7, 10], "summary": {"covered_lines": 4, "num_statements": 17, "percent_covered": 23.529411764705884, "percent_covered_display": "24", "missing_lines": 13, "excluded_lines": 0}, "missing_lines": [22, 24, 25, 27, 28, 31, 32, 33, 34, 36, 38, 40, 41], "excluded_lines": []}}}}, "totals": {"covered_lines": 634, "num_statements": 1034, "percent_covered": 61.315280464216634, "percent_covered_display": "61", "missing_lines": 400, "excluded_lines": 0}}